# JRE version: Java(TM) SE Runtime Environment (8.0_121-b13) (build 1.8.0_121-b13)
# Java VM: Java HotSpot(TM) 64-Bit Server VM (25.121-b13 mixed mode windows-amd64 compressed oops)
Heap:
 PSYoungGen      total 13824K, used 1764K [0x00000000f1300000, 0x00000000f2b80000, 0x0000000100000000)
  eden space 12288K, 2% used [0x00000000f1300000,0x00000000f133de38,0x00000000f1f00000)
  from space 1536K, 98% used [0x00000000f1f00000,0x00000000f207b398,0x00000000f2080000)
  to   space 1536K, 0% used [0x00000000f2a00000,0x00000000f2a00000,0x00000000f2b80000)
 ParOldGen       total 54784K, used 28315K [0x00000000d3800000, 0x00000000d6d80000, 0x00000000f1300000)
  object space 54784K, 51% used [0x00000000d3800000,0x00000000d53a6cc0,0x00000000d6d80000)
 Metaspace       used 10688K, capacity 10936K, committed 11264K, reserved 1058816K
  class space    used 1342K, capacity 1423K, committed 1536K, reserved 1048576K
GC Heap History (8 events):
Event: 4.443 GC heap before
{Heap before GC invocations=1 (full 0):
 PSYoungGen      total 13824K, used 12164K [0x00000000f1300000, 0x00000000f2200000, 0x0000000100000000)
  eden space 12288K, 98% used [0x00000000f1300000,0x00000000f1ee1318,0x00000000f1f00000)
  from space 1536K, 0% used [0x00000000f2080000,0x00000000f2080000,0x00000000f2200000)
  to   space 1536K, 0% used [0x00000000f1f00000,0x00000000f1f00000,0x00000000f2080000)
 ParOldGen       total 31744K, used 0K [0x00000000d3800000, 0x00000000d5700000, 0x00000000f1300000)
  object space 31744K, 0% used [0x00000000d3800000,0x00000000d3800000,0x00000000d5700000)
 Metaspace       used 8336K, capacity 8526K, committed 8832K, reserved 1056768K
  class space    used 1022K, capacity 1096K, committed 1152K, reserved 1048576K
Event: 4.465 GC heap after
Heap after GC invocations=1 (full 0):
 PSYoungGen      total 13824K, used 1513K [0x00000000f1300000, 0x00000000f2200000, 0x0000000100000000)
  eden space 12288K, 0% used [0x00000000f1300000,0x00000000f1300000,0x00000000f1f00000)
  from space 1536K, 98% used [0x00000000f1f00000,0x00000000f207a4e0,0x00000000f2080000)
  to   space 1536K, 0% used [0x00000000f2080000,0x00000000f2080000,0x00000000f2200000)
 ParOldGen       total 31744K, used 4947K [0x00000000d3800000, 0x00000000d5700000, 0x00000000f1300000)
  object space 31744K, 15% used [0x00000000d3800000,0x00000000d3cd4d88,0x00000000d5700000)
 Metaspace       used 8336K, capacity 8526K, committed 8832K, reserved 1056768K
  class space    used 1022K, capacity 1096K, committed 1152K, reserved 1048576K
}
Event: 4.784 GC heap before
{Heap before GC invocations=2 (full 0):
 PSYoungGen      total 13824K, used 13801K [0x00000000f1300000, 0x00000000f2200000, 0x0000000100000000)
  eden space 12288K, 100% used [0x00000000f1300000,0x00000000f1f00000,0x00000000f1f00000)
  from space 1536K, 98% used [0x00000000f1f00000,0x00000000f207a4e0,0x00000000f2080000)
  to   space 1536K, 0% used [0x00000000f2080000,0x00000000f2080000,0x00000000f2200000)
 ParOldGen       total 31744K, used 14808K [0x00000000d3800000, 0x00000000d5700000, 0x00000000f1300000)
  object space 31744K, 46% used [0x00000000d3800000,0x00000000d4676228,0x00000000d5700000)
 Metaspace       used 8461K, capacity 8666K, committed 8832K, reserved 1056768K
  class space    used 1032K, capacity 1098K, committed 1152K, reserved 1048576K
Event: 4.800 GC heap after
Heap after GC invocations=2 (full 0):
 PSYoungGen      total 13824K, used 1529K [0x00000000f1300000, 0x00000000f2e00000, 0x0000000100000000)
  eden space 12288K, 0% used [0x00000000f1300000,0x00000000f1300000,0x00000000f1f00000)
  from space 1536K, 99% used [0x00000000f2080000,0x00000000f21fe4f0,0x00000000f2200000)
  to   space 1536K, 0% used [0x00000000f1f00000,0x00000000f1f00000,0x00000000f2080000)
 ParOldGen       total 31744K, used 25767K [0x00000000d3800000, 0x00000000d5700000, 0x00000000f1300000)
  object space 31744K, 81% used [0x00000000d3800000,0x00000000d5129df8,0x00000000d5700000)
 Metaspace       used 8461K, capacity 8666K, committed 8832K, reserved 1056768K
  class space    used 1032K, capacity 1098K, committed 1152K, reserved 1048576K
}
Event: 4.800 GC heap before
{Heap before GC invocations=3 (full 1):
 PSYoungGen      total 13824K, used 1529K [0x00000000f1300000, 0x00000000f2e00000, 0x0000000100000000)
  eden space 12288K, 0% used [0x00000000f1300000,0x00000000f1300000,0x00000000f1f00000)
  from space 1536K, 99% used [0x00000000f2080000,0x00000000f21fe4f0,0x00000000f2200000)
  to   space 1536K, 0% used [0x00000000f1f00000,0x00000000f1f00000,0x00000000f2080000)
 ParOldGen       total 31744K, used 25767K [0x00000000d3800000, 0x00000000d5700000, 0x00000000f1300000)
  object space 31744K, 81% used [0x00000000d3800000,0x00000000d5129df8,0x00000000d5700000)
 Metaspace       used 8461K, capacity 8666K, committed 8832K, reserved 1056768K
  class space    used 1032K, capacity 1098K, committed 1152K, reserved 1048576K
Event: 4.829 GC heap after
Heap after GC invocations=3 (full 1):
 PSYoungGen      total 13824K, used 0K [0x00000000f1300000, 0x00000000f2e00000, 0x0000000100000000)
  eden space 12288K, 0% used [0x00000000f1300000,0x00000000f1300000,0x00000000f1f00000)
  from space 1536K, 0% used [0x00000000f2080000,0x00000000f2080000,0x00000000f2200000)
  to   space 1536K, 0% used [0x00000000f1f00000,0x00000000f1f00000,0x00000000f2080000)
 ParOldGen       total 54784K, used 25480K [0x00000000d3800000, 0x00000000d6d80000, 0x00000000f1300000)
  object space 54784K, 46% used [0x00000000d3800000,0x00000000d50e20a0,0x00000000d6d80000)
 Metaspace       used 8461K, capacity 8666K, committed 8832K, reserved 1056768K
  class space    used 1032K, capacity 1098K, committed 1152K, reserved 1048576K
}
Event: 6.375 GC heap before
{Heap before GC invocations=4 (full 1):
 PSYoungGen      total 13824K, used 12288K [0x00000000f1300000, 0x00000000f2e00000, 0x0000000100000000)
  eden space 12288K, 100% used [0x00000000f1300000,0x00000000f1f00000,0x00000000f1f00000)
  from space 1536K, 0% used [0x00000000f2080000,0x00000000f2080000,0x00000000f2200000)
  to   space 1536K, 0% used [0x00000000f1f00000,0x00000000f1f00000,0x00000000f2080000)
 ParOldGen       total 54784K, used 25480K [0x00000000d3800000, 0x00000000d6d80000, 0x00000000f1300000)
  object space 54784K, 46% used [0x00000000d3800000,0x00000000d50e20a0,0x00000000d6d80000)
 Metaspace       used 10688K, capacity 10936K, committed 11264K, reserved 1058816K
  class space    used 1342K, capacity 1423K, committed 1536K, reserved 1048576K
Event: 6.381 GC heap after
Heap after GC invocations=4 (full 1):
 PSYoungGen      total 13824K, used 1516K [0x00000000f1300000, 0x00000000f2b80000, 0x0000000100000000)
  eden space 12288K, 0% used [0x00000000f1300000,0x00000000f1300000,0x00000000f1f00000)
  from space 1536K, 98% used [0x00000000f1f00000,0x00000000f207b398,0x00000000f2080000)
  to   space 1536K, 0% used [0x00000000f2a00000,0x00000000f2a00000,0x00000000f2b80000)
 ParOldGen       total 54784K, used 28315K [0x00000000d3800000, 0x00000000d6d80000, 0x00000000f1300000)
  object space 54784K, 51% used [0x00000000d3800000,0x00000000d53a6cc0,0x00000000d6d80000)
 Metaspace       used 10688K, capacity 10936K, committed 11264K, reserved 1058816K
  class space    used 1342K, capacity 1423K, committed 1536K, reserved 1048576K
}

